<?xml version="1.0" encoding="UTF-8"?>
<!-- Generated by org.testng.reporters.JUnitReportReporter -->
<testsuite hostname="Laptop-3886" failures="0" tests="9" name="SauceDemoTestNG.ParallelTest" time="0.188" errors="0" timestamp="2026-03-31T17:59:26 IST" skipped="0">
  <testcase classname="SauceDemoTestNG.ParallelTest" name="testLogo" time="0.055"/>
  <testcase classname="SauceDemoTestNG.ParallelTest" name="testLogo" time="0.038"/>
  <testcase classname="SauceDemoTestNG.ParallelTest" name="testLogo" time="0.019"/>
  <testcase classname="SauceDemoTestNG.ParallelTest" name="testTitle" time="0.014"/>
  <testcase classname="SauceDemoTestNG.ParallelTest" name="testTitle" time="0.018"/>
  <testcase classname="SauceDemoTestNG.ParallelTest" name="testTitle" time="0.012"/>
  <testcase classname="SauceDemoTestNG.ParallelTest" name="testURL" time="0.012"/>
  <testcase classname="SauceDemoTestNG.ParallelTest" name="testURL" time="0.015"/>
  <testcase classname="SauceDemoTestNG.ParallelTest" name="testURL" time="0.005"/>
</testsuite> <!-- SauceDemoTestNG.ParallelTest -->
