<?xml version="1.0" encoding="UTF-8"?>
<!-- Generated by org.testng.reporters.JUnitReportReporter -->
<testsuite hostname="Laptop-3886" failures="0" tests="4" name="PracticeTestNG.OrangeHRMTest" time="8.947" errors="0" timestamp="2026-03-27T13:43:57 IST" skipped="0">
  <testcase classname="PracticeTestNG.OrangeHRMTest" name="openapp" time="6.509"/>
  <testcase classname="PracticeTestNG.OrangeHRMTest" name="testlogo" time="2.039"/>
  <testcase classname="PracticeTestNG.OrangeHRMTest" name="login" time="0.208"/>
  <testcase classname="PracticeTestNG.OrangeHRMTest" name="closeapp" time="0.191"/>
</testsuite> <!-- PracticeTestNG.OrangeHRMTest -->
