<?xml version="1.0" encoding="UTF-8"?>
<!-- Generated by org.testng.reporters.JUnitReportReporter -->
<testsuite hostname="Laptop-3886" failures="0" tests="9" name="SauceDemoTestNG.SauceDemoTest" time="44.105" errors="0" timestamp="2026-03-30T17:32:23 IST" skipped="0">
  <testcase classname="SauceDemoTestNG.SauceDemoTest" name="setup" time="1.270"/>
  <testcase classname="SauceDemoTestNG.SauceDemoTest" name="login" time="6.040"/>
  <testcase classname="SauceDemoTestNG.SauceDemoTest" name="login" time="10.238"/>
  <testcase classname="SauceDemoTestNG.SauceDemoTest" name="login" time="5.226"/>
  <testcase classname="SauceDemoTestNG.SauceDemoTest" name="login" time="5.289"/>
  <testcase classname="SauceDemoTestNG.SauceDemoTest" name="login" time="5.277"/>
  <testcase classname="SauceDemoTestNG.SauceDemoTest" name="login" time="5.230"/>
  <testcase classname="SauceDemoTestNG.SauceDemoTest" name="login" time="5.226"/>
  <testcase classname="SauceDemoTestNG.SauceDemoTest" name="teardown" time="0.309"/>
</testsuite> <!-- SauceDemoTestNG.SauceDemoTest -->
