<?xml version="1.0" encoding="UTF-8"?>
<!-- Generated by org.testng.reporters.JUnitReportReporter -->
<testsuite hostname="Laptop-3886" failures="0" tests="3" name="PracticeTestNG.FirstTestCase" time="0.009" errors="0" timestamp="2026-03-27T13:43:57 IST" skipped="0">
  <testcase classname="PracticeTestNG.FirstTestCase" name="openapp" time="0.006"/>
  <testcase classname="PracticeTestNG.FirstTestCase" name="login" time="0.002"/>
  <testcase classname="PracticeTestNG.FirstTestCase" name="logout" time="0.001"/>
</testsuite> <!-- PracticeTestNG.FirstTestCase -->
