<?xml version="1.0" encoding="UTF-8"?>
<!-- Generated by org.testng.reporters.JUnitReportReporter -->
<testsuite hostname="Laptop-3886" failures="0" tests="3" name="SauceDemoTestNG.ParallelTest" time="0.053" errors="0" timestamp="2026-03-30T18:52:36 IST" skipped="0">
  <testcase classname="SauceDemoTestNG.ParallelTest" name="testLogo" time="0.041"/>
  <testcase classname="SauceDemoTestNG.ParallelTest" name="testTitle" time="0.002"/>
  <testcase classname="SauceDemoTestNG.ParallelTest" name="testURL" time="0.010"/>
</testsuite> <!-- SauceDemoTestNG.ParallelTest -->
