<?xml version="1.0" encoding="UTF-8"?>
<!-- Generated by org.testng.reporters.JUnitReportReporter -->
<testsuite hostname="Laptop-3886" failures="0" tests="2" name="AnnotationPractice.AnnotationDemo" time="0.022" errors="0" timestamp="2026-03-27T14:20:32 IST" skipped="0">
  <testcase classname="AnnotationPractice.AnnotationDemo" name="search" time="0.018"/>
  <testcase classname="AnnotationPractice.AnnotationDemo" name="advancesearch" time="0.004"/>
</testsuite> <!-- AnnotationPractice.AnnotationDemo -->
