<?xml version="1.0" encoding="UTF-8"?>
<!-- Generated by org.testng.reporters.JUnitXMLReporter -->
<testsuite ignored="0" hostname="Laptop-3886" failures="0" tests="3" name="ChromeTest" time="9.984" errors="0" timestamp="2026-03-31T17:59:23 IST">
  <testcase classname="SauceDemoTestNG.ParallelTest" name="testLogo" time="0.055"/>
  <testcase classname="SauceDemoTestNG.ParallelTest" name="testTitle" time="0.012"/>
  <testcase classname="SauceDemoTestNG.ParallelTest" name="testURL" time="0.012"/>
</testsuite> <!-- ChromeTest -->
