<?xml version="1.0" encoding="UTF-8"?>
<!-- Generated by org.testng.reporters.JUnitXMLReporter -->
<testsuite ignored="0" hostname="Laptop-3886" failures="0" tests="3" name="EdgeTest" time="11.912" errors="0" timestamp="2026-03-31T17:59:25 IST">
  <testcase classname="SauceDemoTestNG.ParallelTest" name="testLogo" time="0.038"/>
  <testcase classname="SauceDemoTestNG.ParallelTest" name="testTitle" time="0.018"/>
  <testcase classname="SauceDemoTestNG.ParallelTest" name="testURL" time="0.015"/>
</testsuite> <!-- EdgeTest -->
