<?xml version="1.0" encoding="UTF-8"?>
<!-- Generated by org.testng.reporters.JUnitXMLReporter -->
<testsuite ignored="0" hostname="Laptop-3886" failures="0" tests="7" name="Test" time="9.002" errors="0" timestamp="2026-03-27T13:43:57 IST">
  <testcase classname="PracticeTestNG.FirstTestCase" name="openapp" time="0.006"/>
  <testcase classname="PracticeTestNG.FirstTestCase" name="login" time="0.002"/>
  <testcase classname="PracticeTestNG.FirstTestCase" name="logout" time="0.001"/>
  <testcase classname="PracticeTestNG.OrangeHRMTest" name="openapp" time="6.509"/>
  <testcase classname="PracticeTestNG.OrangeHRMTest" name="testlogo" time="2.039"/>
  <testcase classname="PracticeTestNG.OrangeHRMTest" name="login" time="0.208"/>
  <testcase classname="PracticeTestNG.OrangeHRMTest" name="closeapp" time="0.191"/>
</testsuite> <!-- Test -->
