<?xml version="1.0" encoding="UTF-8"?>
<testng-results ignored="0" total="3" passed="3" failed="0" skipped="0">
  <reporter-output>
  </reporter-output>
  <suite started-at="2026-03-30T18:52:00 IST" name="Suite" finished-at="2026-03-30T18:52:36 IST" duration-ms="35895">
    <groups>
    </groups>
    <test started-at="2026-03-30T18:52:00 IST" name="Test" finished-at="2026-03-30T18:52:36 IST" duration-ms="35895">
      <class name="SauceDemoTestNG.ParallelTest">
        <test-method is-config="true" signature="setup(java.lang.String)[pri:0, instance:SauceDemoTestNG.ParallelTest@4b2bac3f]" started-at="2026-03-30T18:52:00 IST" name="setup" finished-at="2026-03-30T18:52:36 IST" duration-ms="35794" status="PASS">
          <params>
            <param index="0">
              <value>
                <![CDATA[firefox]]>
              </value>
            </param>
          </params>
          <reporter-output>
          </reporter-output>
        </test-method> <!-- setup -->
        <test-method signature="testLogo()[pri:1, instance:SauceDemoTestNG.ParallelTest@4b2bac3f]" started-at="2026-03-30T18:52:36 IST" name="testLogo" finished-at="2026-03-30T18:52:36 IST" duration-ms="41" status="PASS">
          <reporter-output>
          </reporter-output>
        </test-method> <!-- testLogo -->
        <test-method signature="testTitle()[pri:2, instance:SauceDemoTestNG.ParallelTest@4b2bac3f]" started-at="2026-03-30T18:52:36 IST" name="testTitle" finished-at="2026-03-30T18:52:36 IST" duration-ms="2" status="PASS">
          <reporter-output>
          </reporter-output>
        </test-method> <!-- testTitle -->
        <test-method signature="testURL()[pri:3, instance:SauceDemoTestNG.ParallelTest@4b2bac3f]" started-at="2026-03-30T18:52:36 IST" name="testURL" finished-at="2026-03-30T18:52:36 IST" duration-ms="10" status="PASS">
          <reporter-output>
          </reporter-output>
        </test-method> <!-- testURL -->
        <test-method is-config="true" signature="tearDown()[pri:0, instance:SauceDemoTestNG.ParallelTest@4b2bac3f]" started-at="2026-03-30T18:52:36 IST" name="tearDown" finished-at="2026-03-30T18:52:36 IST" duration-ms="6" status="PASS">
          <reporter-output>
          </reporter-output>
        </test-method> <!-- tearDown -->
      </class> <!-- SauceDemoTestNG.ParallelTest -->
    </test> <!-- Test -->
  </suite> <!-- Suite -->
</testng-results>
