<?xml version="1.0" encoding="UTF-8"?>
<!-- Generated by org.testng.reporters.JUnitXMLReporter -->
<testsuite ignored="0" hostname="Laptop-3886" failures="0" tests="2" name="Default test" time="0.08" errors="0" timestamp="2026-03-27T14:57:56 IST">
  <testcase classname="AnnotationPractice.AnnotationBeforeClassAfterClass" name="advancesearch" time="0.006"/>
  <testcase classname="AnnotationPractice.AnnotationBeforeClassAfterClass" name="search" time="0.003"/>
</testsuite> <!-- Default test -->
